<?xml version="1.0" encoding="utf-8"?><testsuites name="pytest tests"><testsuite name="pytest" errors="0" failures="0" skipped="0" tests="14" time="4.388" timestamp="2026-03-17T10:01:59.106819+00:00" hostname="agent-env-1ebd8436-6f12-4c39-8a4b-548d07a8e79a"><testcase classname="backend.tests.test_sprint7b.TestVerifyPhone" name="test_verify_phone_invalid_token_returns_400" time="0.704" /><testcase classname="backend.tests.test_sprint7b.TestVerifyPhone" name="test_verify_phone_missing_token_returns_422" time="0.110" /><testcase classname="backend.tests.test_sprint7b.TestVerifyPhone" name="test_verify_phone_nonexistent_user_returns_400_or_404" time="0.645" /><testcase classname="backend.tests.test_sprint7b.TestVerifyPhone" name="test_verify_phone_empty_token_returns_400" time="0.474" /><testcase classname="backend.tests.test_sprint7b.TestStreakCheckin" name="test_first_checkin_awards_5_arc" time="0.106" /><testcase classname="backend.tests.test_sprint7b.TestStreakCheckin" name="test_second_checkin_same_day_no_arc" time="0.109" /><testcase classname="backend.tests.test_sprint7b.TestStreakCheckin" name="test_checkin_arc_persisted_in_balance" time="0.110" /><testcase classname="backend.tests.test_sprint7b.TestStreakCheckin" name="test_streak_checkin_unknown_user_returns_404" time="0.104" /><testcase classname="backend.tests.test_sprint7b.TestLoginPhoneFields" name="test_login_returns_phone_verified_false_for_unverified" time="0.321" /><testcase classname="backend.tests.test_sprint7b.TestLoginPhoneFields" name="test_login_returns_phone_number_empty_string_for_unverified" time="0.324" /><testcase classname="backend.tests.test_sprint7b.TestLoginPhoneFields" name="test_login_fresh_user_phone_fields" time="0.363" /><testcase classname="backend.tests.test_sprint7b.TestSprint7BRegression" name="test_get_ideas_still_works" time="0.109" /><testcase classname="backend.tests.test_sprint7b.TestSprint7BRegression" name="test_arc_endpoint_still_works" time="0.473" /><testcase classname="backend.tests.test_sprint7b.TestSprint7BRegression" name="test_login_full_response_structure" time="0.322" /></testsuite></testsuites>