<?xml version="1.0" encoding="utf-8"?><testsuites name="pytest tests"><testsuite name="pytest" errors="0" failures="0" skipped="0" tests="27" time="3.047" timestamp="2026-02-24T09:15:00.960734+00:00" hostname="agent-env-522c1d2f-a4ac-458e-936d-712a9b39508c"><testcase classname="backend.tests.test_blueprint.TestAuth" name="test_signup_returns_user_with_profile" time="0.491" /><testcase classname="backend.tests.test_blueprint.TestAuth" name="test_signup_duplicate_email_returns_400" time="0.325" /><testcase classname="backend.tests.test_blueprint.TestAuth" name="test_login_returns_user_with_profile" time="0.276" /><testcase classname="backend.tests.test_blueprint.TestAuth" name="test_login_wrong_password_returns_401" time="0.267" /><testcase classname="backend.tests.test_blueprint.TestAuth" name="test_guest_login_creates_guest" time="0.048" /><testcase classname="backend.tests.test_blueprint.TestProfile" name="test_update_profile_questionnaire_fields" time="0.045" /><testcase classname="backend.tests.test_blueprint.TestProfile" name="test_get_profile_returns_questionnaire_fields" time="0.047" /><testcase classname="backend.tests.test_blueprint.TestProfile" name="test_profile_nonexistent_user_returns_404" time="0.060" /><testcase classname="backend.tests.test_blueprint.TestIdeas" name="test_get_all_ideas_returns_20" time="0.051" /><testcase classname="backend.tests.test_blueprint.TestIdeas" name="test_get_ideas_has_all_4_categories" time="0.053" /><testcase classname="backend.tests.test_blueprint.TestIdeas" name="test_get_ideas_category_filter" time="0.047" /><testcase classname="backend.tests.test_blueprint.TestIdeas" name="test_get_single_idea" time="0.106" /><testcase classname="backend.tests.test_blueprint.TestIdeas" name="test_get_idea_with_user_id_includes_match_score" time="0.047" /><testcase classname="backend.tests.test_blueprint.TestIdeas" name="test_get_idea_nonexistent_returns_404" time="0.053" /><testcase classname="backend.tests.test_blueprint.TestPersonalizedIdeas" name="test_personalized_returns_match_scores" time="0.049" /><testcase classname="backend.tests.test_blueprint.TestPersonalizedIdeas" name="test_home_user_gets_digital_ideas_higher_scores" time="0.048" /><testcase classname="backend.tests.test_blueprint.TestPersonalizedIdeas" name="test_outdoor_gig_ideas_rank_lower_for_home_user" time="0.051" /><testcase classname="backend.tests.test_blueprint.TestPersonalizedIdeas" name="test_personalized_ideas_sorted_descending" time="0.047" /><testcase classname="backend.tests.test_blueprint.TestPersonalizedIdeas" name="test_personalized_nonexistent_user_returns_404" time="0.060" /><testcase classname="backend.tests.test_blueprint.TestSavedIdeas" name="test_save_idea" time="0.108" /><testcase classname="backend.tests.test_blueprint.TestSavedIdeas" name="test_get_saved_idea_returns_action_steps" time="0.043" /><testcase classname="backend.tests.test_blueprint.TestSavedIdeas" name="test_complete_step_updates_progress" time="0.057" /><testcase classname="backend.tests.test_blueprint.TestSavedIdeas" name="test_complete_same_step_twice_returns_400" time="0.049" /><testcase classname="backend.tests.test_blueprint.TestSavedIdeas" name="test_progress_persists_after_completion" time="0.099" /><testcase classname="backend.tests.test_blueprint.TestSavedIdeas" name="test_earnings_unlocked_after_3_steps" time="0.185" /><testcase classname="backend.tests.test_blueprint.TestSavedIdeas" name="test_get_all_saved_ideas" time="0.051" /><testcase classname="backend.tests.test_blueprint.TestSavedIdeas" name="test_delete_saved_idea" time="0.139" /></testsuite></testsuites>