<?xml version="1.0" encoding="utf-8"?><testsuites name="pytest tests"><testsuite name="pytest" errors="0" failures="0" skipped="0" tests="33" time="2.868" timestamp="2026-03-17T04:29:33.030496+00:00" hostname="agent-env-fe8e40f5-1267-425e-8c2b-af480a19e070"><testcase classname="backend.tests.test_sprint4.TestBlueprintCarousels" name="test_carousels_returns_200" time="0.279" /><testcase classname="backend.tests.test_sprint4.TestBlueprintCarousels" name="test_carousels_returns_8_carousels" time="0.097" /><testcase classname="backend.tests.test_sprint4.TestBlueprintCarousels" name="test_carousels_have_correct_ids" time="0.094" /><testcase classname="backend.tests.test_sprint4.TestBlueprintCarousels" name="test_carousels_have_required_fields" time="0.094" /><testcase classname="backend.tests.test_sprint4.TestBlueprintCarousels" name="test_carousels_blueprints_have_required_fields" time="0.096" /><testcase classname="backend.tests.test_sprint4.TestBlueprintCarousels" name="test_carousels_with_user_id_returns_match_scores" time="0.377" /><testcase classname="backend.tests.test_sprint4.TestBlueprintCarousels" name="test_carousels_not_conflicting_with_parameterized_route" time="0.098" /><testcase classname="backend.tests.test_sprint4.TestBlueprintSearch" name="test_search_returns_200" time="0.061" /><testcase classname="backend.tests.test_sprint4.TestBlueprintSearch" name="test_search_with_query_agency" time="0.062" /><testcase classname="backend.tests.test_sprint4.TestBlueprintSearch" name="test_search_with_query_ai" time="0.063" /><testcase classname="backend.tests.test_sprint4.TestBlueprintSearch" name="test_search_result_has_blueprint_fields" time="0.060" /><testcase classname="backend.tests.test_sprint4.TestBlueprintSearch" name="test_search_filter_by_category" time="0.054" /><testcase classname="backend.tests.test_sprint4.TestBlueprintSearch" name="test_search_filter_by_difficulty" time="0.059" /><testcase classname="backend.tests.test_sprint4.TestBlueprintSearch" name="test_search_with_user_id_returns_match_scores" time="0.069" /><testcase classname="backend.tests.test_sprint4.TestBlueprintSearch" name="test_search_no_results_returns_empty_list" time="0.050" /><testcase classname="backend.tests.test_sprint4.TestBlueprintSearch" name="test_search_not_conflicting_with_parameterized_route" time="0.065" /><testcase classname="backend.tests.test_sprint4.TestDailyBlueprint" name="test_daily_blueprint_returns_200" time="0.064" /><testcase classname="backend.tests.test_sprint4.TestDailyBlueprint" name="test_daily_blueprint_has_required_fields" time="0.053" /><testcase classname="backend.tests.test_sprint4.TestDailyBlueprint" name="test_daily_blueprint_has_valid_match_score" time="0.055" /><testcase classname="backend.tests.test_sprint4.TestDailyBlueprint" name="test_daily_blueprint_is_v2" time="0.060" /><testcase classname="backend.tests.test_sprint4.TestDailyBlueprint" name="test_daily_blueprint_nonexistent_user_returns_404" time="0.055" /><testcase classname="backend.tests.test_sprint4.TestDailyBlueprint" name="test_daily_blueprint_not_conflicting_with_parameterized_route" time="0.054" /><testcase classname="backend.tests.test_sprint4.TestBlueprintDetail" name="test_blueprint_detail_returns_200" time="0.141" /><testcase classname="backend.tests.test_sprint4.TestBlueprintDetail" name="test_blueprint_detail_has_required_fields" time="0.052" /><testcase classname="backend.tests.test_sprint4.TestBlueprintDetail" name="test_blueprint_detail_has_17_steps" time="0.046" /><testcase classname="backend.tests.test_sprint4.TestBlueprintDetail" name="test_blueprint_steps_have_is_locked_field" time="0.053" /><testcase classname="backend.tests.test_sprint4.TestBlueprintDetail" name="test_blueprint_steps_5_free_12_locked" time="0.049" /><testcase classname="backend.tests.test_sprint4.TestBlueprintDetail" name="test_blueprint_detail_has_stats" time="0.048" /><testcase classname="backend.tests.test_sprint4.TestBlueprintDetail" name="test_blueprint_detail_nonexistent_returns_404" time="0.052" /><testcase classname="backend.tests.test_sprint4.TestRouteOrdering" name="test_carousels_vs_parameterized" time="0.090" /><testcase classname="backend.tests.test_sprint4.TestRouteOrdering" name="test_search_vs_parameterized" time="0.065" /><testcase classname="backend.tests.test_sprint4.TestRouteOrdering" name="test_daily_vs_parameterized" time="0.051" /><testcase classname="backend.tests.test_sprint4.TestRouteOrdering" name="test_total_blueprints_count" time="0.057" /></testsuite></testsuites>