<?xml version="1.0" encoding="utf-8"?><testsuites name="pytest tests"><testsuite name="pytest" errors="0" failures="0" skipped="0" tests="15" time="3.969" timestamp="2026-03-17T07:06:43.862392+00:00" hostname="agent-env-1ebd8436-6f12-4c39-8a4b-548d07a8e79a"><testcase classname="backend.tests.test_sprint7.TestARCGetBalance" name="test_get_arc_balance_new_user_returns_zero" time="0.596" /><testcase classname="backend.tests.test_sprint7.TestARCGetBalance" name="test_get_arc_balance_arctest_user" time="0.423" /><testcase classname="backend.tests.test_sprint7.TestARCGetBalance" name="test_get_arc_balance_unknown_user_returns_404" time="0.148" /><testcase classname="backend.tests.test_sprint7.TestARCAwardEvents" name="test_award_step_complete_10_arc" time="0.128" /><testcase classname="backend.tests.test_sprint7.TestARCAwardEvents" name="test_award_blueprint_complete_100_arc" time="0.095" /><testcase classname="backend.tests.test_sprint7.TestARCAwardEvents" name="test_award_share_flex_25_arc" time="0.102" /><testcase classname="backend.tests.test_sprint7.TestARCAwardEvents" name="test_award_daily_login_5_arc" time="0.138" /><testcase classname="backend.tests.test_sprint7.TestARCAwardEvents" name="test_award_unknown_event_returns_400" time="0.144" /><testcase classname="backend.tests.test_sprint7.TestARCAwardEvents" name="test_award_arc_unknown_user_returns_404" time="0.097" /><testcase classname="backend.tests.test_sprint7.TestARCAwardEvents" name="test_get_balance_after_awards_persisted" time="0.105" /><testcase classname="backend.tests.test_sprint7.TestARCLevelThresholds" name="test_level_builder_threshold_100_arc" time="0.431" /><testcase classname="backend.tests.test_sprint7.TestARCLevelThresholds" name="test_level_strategist_threshold_300_arc" time="0.757" /><testcase classname="backend.tests.test_sprint7.TestARCRegressionAPIs" name="test_get_ideas_returns_data" time="0.104" /><testcase classname="backend.tests.test_sprint7.TestARCRegressionAPIs" name="test_auth_login_arctest_user" time="0.488" /><testcase classname="backend.tests.test_sprint7.TestARCRegressionAPIs" name="test_personalized_ideas_endpoint" time="0.095" /></testsuite></testsuites>