<?xml version="1.0" encoding="utf-8"?><testsuites name="pytest tests"><testsuite name="pytest" errors="0" failures="0" skipped="0" tests="16" time="2.512" timestamp="2026-03-17T05:54:59.311597+00:00" hostname="agent-env-fe8e40f5-1267-425e-8c2b-af480a19e070"><testcase classname="backend.tests.test_sprint6.TestHealthRegression" name="test_home_ideas_loads" time="0.264" /><testcase classname="backend.tests.test_sprint6.TestHealthRegression" name="test_community_wins_loads" time="0.137" /><testcase classname="backend.tests.test_sprint6.TestHealthRegression" name="test_single_idea_loads" time="0.104" /><testcase classname="backend.tests.test_sprint6.TestCompletionPercentile" name="test_percentile_first_completion_returns_50" time="0.145" /><testcase classname="backend.tests.test_sprint6.TestCompletionPercentile" name="test_percentile_with_days_param" time="0.110" /><testcase classname="backend.tests.test_sprint6.TestCompletionPercentile" name="test_percentile_completion_days_matches_input" time="0.103" /><testcase classname="backend.tests.test_sprint6.TestCompletionPercentile" name="test_percentile_default_days_zero" time="0.105" /><testcase classname="backend.tests.test_sprint6.TestCompletionPercentile" name="test_percentile_float_days" time="0.108" /><testcase classname="backend.tests.test_sprint6.TestSaveCompletion" name="test_save_completion_basic" time="0.101" /><testcase classname="backend.tests.test_sprint6.TestSaveCompletion" name="test_save_completion_zero_earnings" time="0.107" /><testcase classname="backend.tests.test_sprint6.TestSaveCompletion" name="test_save_completion_invalid_user_returns_404" time="0.106" /><testcase classname="backend.tests.test_sprint6.TestSaveCompletion" name="test_save_completion_with_earnings_adds_community_win" time="0.234" /><testcase classname="backend.tests.test_sprint6.TestSaveCompletion" name="test_percentile_increases_after_multiple_completions" time="0.248" /><testcase classname="backend.tests.test_sprint6.TestSaveCompletion" name="test_save_completion_minimal_payload" time="0.127" /><testcase classname="backend.tests.test_sprint6.TestSavedIdeasRegression" name="test_saved_idea_still_accessible" time="0.104" /><testcase classname="backend.tests.test_sprint6.TestSavedIdeasRegression" name="test_login_still_works" time="0.328" /></testsuite></testsuites>