<?xml version="1.0" encoding="utf-8"?><testsuites name="pytest tests"><testsuite name="pytest" errors="0" failures="1" skipped="0" tests="27" time="3.558" timestamp="2026-02-24T14:36:44.989978+00:00" hostname="agent-env-5d299614-78e0-491e-8bbd-1e7fc197d159"><testcase classname="backend.tests.test_blueprint.TestAuth" name="test_signup_returns_user_with_profile" time="0.454" /><testcase classname="backend.tests.test_blueprint.TestAuth" name="test_signup_duplicate_email_returns_400" time="0.419" /><testcase classname="backend.tests.test_blueprint.TestAuth" name="test_login_returns_user_with_profile" time="0.291" /><testcase classname="backend.tests.test_blueprint.TestAuth" name="test_login_wrong_password_returns_401" time="0.328" /><testcase classname="backend.tests.test_blueprint.TestAuth" name="test_guest_login_creates_guest" time="0.066" /><testcase classname="backend.tests.test_blueprint.TestProfile" name="test_update_profile_questionnaire_fields" time="0.071"><failure message="AssertionError: Profile update failed: {&quot;detail&quot;:&quot;User not found&quot;}&#10;assert 404 == 200&#10; +  where 404 = &lt;Response [404]&gt;.status_code">backend/tests/test_blueprint.py:131: in test_update_profile_questionnaire_fields
    assert resp.status_code == 200, f"Profile update failed: {resp.text}"
E   AssertionError: Profile update failed: {"detail":"User not found"}
E   assert 404 == 200
E    +  where 404 = &lt;Response [404]&gt;.status_code</failure></testcase><testcase classname="backend.tests.test_blueprint.TestProfile" name="test_get_profile_returns_questionnaire_fields" time="0.057" /><testcase classname="backend.tests.test_blueprint.TestProfile" name="test_profile_nonexistent_user_returns_404" time="0.078" /><testcase classname="backend.tests.test_blueprint.TestIdeas" name="test_get_all_ideas_returns_20" time="0.074" /><testcase classname="backend.tests.test_blueprint.TestIdeas" name="test_get_ideas_has_all_4_categories" time="0.061" /><testcase classname="backend.tests.test_blueprint.TestIdeas" name="test_get_ideas_category_filter" time="0.069" /><testcase classname="backend.tests.test_blueprint.TestIdeas" name="test_get_single_idea" time="0.112" /><testcase classname="backend.tests.test_blueprint.TestIdeas" name="test_get_idea_with_user_id_includes_match_score" time="0.093" /><testcase classname="backend.tests.test_blueprint.TestIdeas" name="test_get_idea_nonexistent_returns_404" time="0.099" /><testcase classname="backend.tests.test_blueprint.TestPersonalizedIdeas" name="test_personalized_returns_match_scores" time="0.070" /><testcase classname="backend.tests.test_blueprint.TestPersonalizedIdeas" name="test_home_user_gets_digital_ideas_higher_scores" time="0.072" /><testcase classname="backend.tests.test_blueprint.TestPersonalizedIdeas" name="test_outdoor_gig_ideas_rank_lower_for_home_user" time="0.079" /><testcase classname="backend.tests.test_blueprint.TestPersonalizedIdeas" name="test_personalized_ideas_sorted_descending" time="0.082" /><testcase classname="backend.tests.test_blueprint.TestPersonalizedIdeas" name="test_personalized_nonexistent_user_returns_404" time="0.071" /><testcase classname="backend.tests.test_blueprint.TestSavedIdeas" name="test_save_idea" time="0.133" /><testcase classname="backend.tests.test_blueprint.TestSavedIdeas" name="test_get_saved_idea_returns_action_steps" time="0.055" /><testcase classname="backend.tests.test_blueprint.TestSavedIdeas" name="test_complete_step_updates_progress" time="0.052" /><testcase classname="backend.tests.test_blueprint.TestSavedIdeas" name="test_complete_same_step_twice_returns_400" time="0.056" /><testcase classname="backend.tests.test_blueprint.TestSavedIdeas" name="test_progress_persists_after_completion" time="0.129" /><testcase classname="backend.tests.test_blueprint.TestSavedIdeas" name="test_earnings_unlocked_after_3_steps" time="0.122" /><testcase classname="backend.tests.test_blueprint.TestSavedIdeas" name="test_get_all_saved_ideas" time="0.054" /><testcase classname="backend.tests.test_blueprint.TestSavedIdeas" name="test_delete_saved_idea" time="0.181" /></testsuite></testsuites>