<?xml version="1.0" encoding="utf-8"?><testsuites name="pytest tests"><testsuite name="pytest" errors="0" failures="0" skipped="0" tests="30" time="4.036" timestamp="2026-02-24T14:37:56.095129+00:00" hostname="agent-env-5d299614-78e0-491e-8bbd-1e7fc197d159"><testcase classname="backend.tests.test_blueprint.TestAuth" name="test_signup_returns_user_with_profile" time="0.407" /><testcase classname="backend.tests.test_blueprint.TestAuth" name="test_signup_duplicate_email_returns_400" time="0.493" /><testcase classname="backend.tests.test_blueprint.TestAuth" name="test_login_returns_user_with_profile" time="0.330" /><testcase classname="backend.tests.test_blueprint.TestAuth" name="test_login_wrong_password_returns_401" time="0.278" /><testcase classname="backend.tests.test_blueprint.TestAuth" name="test_guest_login_creates_guest" time="0.068" /><testcase classname="backend.tests.test_blueprint.TestProfile" name="test_update_profile_questionnaire_fields" time="0.083" /><testcase classname="backend.tests.test_blueprint.TestProfile" name="test_get_profile_returns_questionnaire_fields" time="0.080" /><testcase classname="backend.tests.test_blueprint.TestProfile" name="test_profile_nonexistent_user_returns_404" time="0.079" /><testcase classname="backend.tests.test_blueprint.TestIdeas" name="test_get_all_ideas_returns_20" time="0.089" /><testcase classname="backend.tests.test_blueprint.TestIdeas" name="test_get_ideas_has_all_4_categories" time="0.073" /><testcase classname="backend.tests.test_blueprint.TestIdeas" name="test_get_ideas_category_filter" time="0.058" /><testcase classname="backend.tests.test_blueprint.TestIdeas" name="test_get_single_idea" time="0.106" /><testcase classname="backend.tests.test_blueprint.TestIdeas" name="test_get_idea_with_user_id_includes_match_score" time="0.081" /><testcase classname="backend.tests.test_blueprint.TestIdeas" name="test_get_idea_nonexistent_returns_404" time="0.135" /><testcase classname="backend.tests.test_blueprint.TestPersonalizedIdeas" name="test_personalized_returns_match_scores" time="0.105" /><testcase classname="backend.tests.test_blueprint.TestPersonalizedIdeas" name="test_home_user_gets_digital_ideas_higher_scores" time="0.091" /><testcase classname="backend.tests.test_blueprint.TestPersonalizedIdeas" name="test_outdoor_gig_ideas_rank_lower_for_home_user" time="0.083" /><testcase classname="backend.tests.test_blueprint.TestPersonalizedIdeas" name="test_personalized_ideas_sorted_descending" time="0.068" /><testcase classname="backend.tests.test_blueprint.TestPersonalizedIdeas" name="test_personalized_nonexistent_user_returns_404" time="0.097" /><testcase classname="backend.tests.test_blueprint.TestSavedIdeas" name="test_save_idea" time="0.159" /><testcase classname="backend.tests.test_blueprint.TestSavedIdeas" name="test_get_saved_idea_returns_action_steps" time="0.066" /><testcase classname="backend.tests.test_blueprint.TestSavedIdeas" name="test_complete_step_updates_progress" time="0.066" /><testcase classname="backend.tests.test_blueprint.TestSavedIdeas" name="test_complete_same_step_twice_returns_400" time="0.063" /><testcase classname="backend.tests.test_blueprint.TestSavedIdeas" name="test_progress_persists_after_completion" time="0.150" /><testcase classname="backend.tests.test_blueprint.TestSavedIdeas" name="test_earnings_unlocked_after_3_steps" time="0.156" /><testcase classname="backend.tests.test_blueprint.TestSavedIdeas" name="test_get_all_saved_ideas" time="0.071" /><testcase classname="backend.tests.test_blueprint.TestSavedIdeas" name="test_delete_saved_idea" time="0.175" /><testcase classname="backend.tests.test_blueprint.TestPushToken" name="test_push_token_updates_profile" time="0.107" /><testcase classname="backend.tests.test_blueprint.TestPushToken" name="test_push_token_empty_string" time="0.055" /><testcase classname="backend.tests.test_blueprint.TestPushToken" name="test_push_token_nonexistent_user_returns_404" time="0.068" /></testsuite></testsuites>