<?xml version="1.0" encoding="utf-8"?><testsuites name="pytest tests"><testsuite name="pytest" errors="0" failures="0" skipped="0" tests="25" time="20.609" timestamp="2026-03-17T05:05:09.964828+00:00" hostname="agent-env-fe8e40f5-1267-425e-8c2b-af480a19e070"><testcase classname="backend.tests.test_sprint5.TestLocationUpdate" name="test_update_location_returns_200" time="0.276" /><testcase classname="backend.tests.test_sprint5.TestLocationUpdate" name="test_update_location_response_contains_city" time="0.055" /><testcase classname="backend.tests.test_sprint5.TestLocationUpdate" name="test_update_location_currency_mapping" time="0.113" /><testcase classname="backend.tests.test_sprint5.TestLocationUpdate" name="test_update_location_persists_in_profile" time="0.115" /><testcase classname="backend.tests.test_sprint5.TestLocationUpdate" name="test_update_location_nonexistent_user_returns_404" time="0.059" /><testcase classname="backend.tests.test_sprint5.TestLocalTrending" name="test_local_trending_returns_200" time="0.067" /><testcase classname="backend.tests.test_sprint5.TestLocalTrending" name="test_local_trending_returns_3_blueprints" time="0.104" /><testcase classname="backend.tests.test_sprint5.TestLocalTrending" name="test_local_trending_response_has_city_and_country" time="0.061" /><testcase classname="backend.tests.test_sprint5.TestLocalTrending" name="test_local_trending_blueprints_have_required_fields" time="0.065" /><testcase classname="backend.tests.test_sprint5.TestLocalTrending" name="test_local_trending_us_categories" time="0.060" /><testcase classname="backend.tests.test_sprint5.TestLocalTrending" name="test_local_trending_in_categories" time="0.059" /><testcase classname="backend.tests.test_sprint5.TestLocalTrending" name="test_local_trending_with_user_id" time="0.063" /><testcase classname="backend.tests.test_sprint5.TestLocalTrending" name="test_local_trending_not_conflicting_with_parameterized_route" time="0.060" /><testcase classname="backend.tests.test_sprint5.TestBlueprintViability" name="test_viability_returns_200" time="2.158" /><testcase classname="backend.tests.test_sprint5.TestBlueprintViability" name="test_viability_has_required_fields" time="1.853" /><testcase classname="backend.tests.test_sprint5.TestBlueprintViability" name="test_viability_score_in_range" time="1.726" /><testcase classname="backend.tests.test_sprint5.TestBlueprintViability" name="test_viability_demand_level_valid" time="1.667" /><testcase classname="backend.tests.test_sprint5.TestBlueprintViability" name="test_viability_nonexistent_blueprint_returns_404" time="0.056" /><testcase classname="backend.tests.test_sprint5.TestRescueMode" name="test_rescue_non_architect_returns_403" time="0.402" /><testcase classname="backend.tests.test_sprint5.TestRescueMode" name="test_rescue_nonexistent_user_returns_404" time="0.061" /><testcase classname="backend.tests.test_sprint5.TestRescueMode" name="test_rescue_nonexistent_blueprint_returns_404" time="0.058" /><testcase classname="backend.tests.test_sprint5.TestRescueMode" name="test_rescue_architect_returns_200" time="3.014" /><testcase classname="backend.tests.test_sprint5.TestRescueMode" name="test_rescue_architect_has_3_tasks" time="2.873" /><testcase classname="backend.tests.test_sprint5.TestRescueMode" name="test_rescue_has_required_fields" time="2.832" /><testcase classname="backend.tests.test_sprint5.TestRescueMode" name="test_rescue_tasks_with_blueprint_id" time="2.611" /></testsuite></testsuites>