<?xml version="1.0" encoding="utf-8"?><testsuites name="pytest tests"><testsuite name="pytest" errors="0" failures="0" skipped="0" tests="17" time="2.501" timestamp="2026-03-03T06:52:23.240245+00:00" hostname="agent-env-5d299614-78e0-491e-8bbd-1e7fc197d159"><testcase classname="backend.tests.test_sprint2.TestHighTicketIdeas" name="test_high_ticket_returns_200" time="0.291" /><testcase classname="backend.tests.test_sprint2.TestHighTicketIdeas" name="test_high_ticket_returns_exactly_5" time="0.054" /><testcase classname="backend.tests.test_sprint2.TestHighTicketIdeas" name="test_high_ticket_contains_correct_ids" time="0.052" /><testcase classname="backend.tests.test_sprint2.TestHighTicketIdeas" name="test_high_ticket_ideas_have_required_fields" time="0.051" /><testcase classname="backend.tests.test_sprint2.TestSubscription" name="test_subscription_returns_200_for_valid_user" time="0.326" /><testcase classname="backend.tests.test_sprint2.TestSubscription" name="test_subscription_returns_is_architect_field" time="0.049" /><testcase classname="backend.tests.test_sprint2.TestSubscription" name="test_subscription_nonexistent_user_returns_404" time="0.047" /><testcase classname="backend.tests.test_sprint2.TestSubscription" name="test_subscription_non_architect_user" time="0.047" /><testcase classname="backend.tests.test_sprint2.TestCheckout" name="test_checkout_monthly_returns_url" time="0.548" /><testcase classname="backend.tests.test_sprint2.TestCheckout" name="test_checkout_annual_returns_url" time="0.385" /><testcase classname="backend.tests.test_sprint2.TestCheckout" name="test_checkout_invalid_plan_returns_400" time="0.054" /><testcase classname="backend.tests.test_sprint2.TestBlueprintGuide" name="test_blueprint_guide_403_for_non_architect" time="0.093" /><testcase classname="backend.tests.test_sprint2.TestBlueprintGuide" name="test_blueprint_guide_404_for_nonexistent_user" time="0.049" /><testcase classname="backend.tests.test_sprint2.TestBlueprintGuide" name="test_blueprint_guide_history_403_non_architect" time="0.098" /><testcase classname="backend.tests.test_sprint2.TestTroubleshoot" name="test_troubleshoot_403_for_non_architect" time="0.092" /><testcase classname="backend.tests.test_sprint2.TestTroubleshoot" name="test_troubleshoot_404_for_nonexistent_user" time="0.061" /><testcase classname="backend.tests.test_sprint2.TestTroubleshoot" name="test_troubleshoot_404_for_nonexistent_idea" time="0.094" /></testsuite></testsuites>